<?xml version="1.0" encoding="UTF-8"?>
<!-- Generated by org.testng.reporters.JUnitXMLReporter -->
<testsuite hostname="DESKTOP-RT4A8PE" ignored="0" name="Dummy Test" tests="1" failures="1" timestamp="2025-01-11T00:06:13 EET" time="202.833" errors="0">
  <testcase name="CheckDatesDisplayedCorrectlyInDetailsPage" time="179.178" classname="tests.TC01_CheckDatesDisplayedCorrectlyInDetailsPage">
    <failure type="java.lang.AssertionError" message="expected [true] but found [false]">
      <![CDATA[java.lang.AssertionError: expected [true] but found [false]
at tests.TC01_CheckDatesDisplayedCorrectlyInDetailsPage.CheckDatesDisplayedCorrectlyInDetailsPage(TC01_CheckDatesDisplayedCorrectlyInDetailsPage.java:32)
at java.util.ArrayList.forEach(Unknown Source)
... Removed 31 stack frames]]>
    </failure>
  </testcase> <!-- CheckDatesDisplayedCorrectlyInDetailsPage -->
</testsuite> <!-- Dummy Test -->
